#
# There is insufficient memory for the Java Runtime Environment to continue.
# Native memory allocation (mmap) failed to map 12582912 bytes for Failed to commit area from 0x000000008af00000 to 0x000000008bb00000 of length 12582912.
# Possible reasons:
#   The system is out of physical RAM or swap space
#   The process is running with CompressedOops enabled, and the Java Heap may be blocking the growth of the native heap
# Possible solutions:
#   Reduce memory load on the system
#   Increase physical memory or swap space
#   Check if swap backing store is full
#   Decrease Java heap size (-Xmx/-Xms)
#   Decrease number of Java threads
#   Decrease Java thread stack sizes (-Xss)
#   Set larger code cache with -XX:ReservedCodeCacheSize=
#   JVM is running with Unscaled Compressed Oops mode in which the Java heap is
#     placed in the first 4GB address space. The Java Heap base address is the
#     maximum limit for the native heap growth. Please use -XX:HeapBaseMinAddress
#     to set the Java Heap base and to place the Java Heap above 4GB virtual address.
# This output file may be truncated or incomplete.
#
#  Out of Memory Error (t:/workspace/open/src/hotspot/os/windows/os_windows.cpp:3254), pid=13800, tid=14872
#
# JRE version: Java(TM) SE Runtime Environment (12.0.1+12) (build 12.0.1+12)
# Java VM: Java HotSpot(TM) 64-Bit Server VM (12.0.1+12, mixed mode, sharing, tiered, compressed oops, g1 gc, windows-amd64)
# No core dump will be written. Minidumps are not enabled by default on client versions of Windows
#

---------------  S U M M A R Y ------------

Command Line: -XX:TieredStopAtLevel=1 -Xverify:none -Dspring.output.ansi.enabled=always -Dcom.sun.management.jmxremote -Dspring.liveBeansView.mbeanDomain -Dspring.application.admin.enabled=true -javaagent:C:\Program Files\JetBrains\IntelliJ IDEA 2018.3.5\lib\idea_rt.jar=52465:C:\Program Files\JetBrains\IntelliJ IDEA 2018.3.5\bin -Dfile.encoding=UTF-8 com.example.coffeeandtequila.CoffeeAndTequilaApplication

Host: Intel(R) Core(TM) i7-4800MQ CPU @ 2.70GHz, 8 cores, 7G,  Windows 10 , 64 bit Build 18362 (10.0.18362.86)
Time: Thu Aug 15 14:58:41 2019 Eastern Daylight Time elapsed time: 3 seconds (0d 0h 0m 3s)

---------------  T H R E A D  ---------------

Current thread (0x0000016065a78800):  VMThread "VM Thread" [stack: 0x000000445fe00000,0x000000445ff00000] [id=14872]

Stack: [0x000000445fe00000,0x000000445ff00000]
[error occurred during error reporting (printing stack bounds), id 0xc0000005, EXCEPTION_ACCESS_VIOLATION (0xc0000005) at pc=0x000001604eca0bad]

Native frames: (J=compiled Java code, j=interpreted, Vv=VM code, C=native code)
V  [jvm.dll+0x63948a]
V  [jvm.dll+0x78b31f]
V  [jvm.dll+0x78c9c1]
V  [jvm.dll+0x78cf75]
V  [jvm.dll+0x78cf2b]
V  [jvm.dll+0x638b84]
V  [jvm.dll+0x638f58]
C  [ntdll.dll+0xa119f]
C  [ntdll.dll+0x6a229]
C  [ntdll.dll+0x9fe0e]
C  0x000001604eca0bad

VM_Operation (0x0000004460cfd270): G1CollectForAllocation, mode: safepoint, requested by thread 0x0000016066d36800


---------------  P R O C E S S  ---------------

Threads class SMR info:
_java_thread_list=0x0000016069f69df0, length=22, elements={
0x00000160450d7800, 0x0000016065a80000, 0x0000016065a83000, 0x0000016065a97000,
0x0000016065a98000, 0x0000016065a9b000, 0x0000016065ac3000, 0x000001606649a800,
0x00000160667b4800, 0x00000160667b5800, 0x000001606699f800, 0x0000016066bc4000,
0x0000016066d36800, 0x00000160678c6800, 0x00000160676d0800, 0x0000016068112000,
0x0000016068112800, 0x0000016068110800, 0x0000016068111000, 0x0000016068517000,
0x0000016068518000, 0x0000016068519800
}

Java Threads: ( => current thread )
  0x00000160450d7800 JavaThread "main" [_thread_blocked, id=15248, stack(0x000000445f800000,0x000000445f900000)]
  0x0000016065a80000 JavaThread "Reference Handler" daemon [_thread_blocked, id=12016, stack(0x000000445ff00000,0x0000004460000000)]
  0x0000016065a83000 JavaThread "Finalizer" daemon [_thread_blocked, id=8360, stack(0x0000004460000000,0x0000004460100000)]
  0x0000016065a97000 JavaThread "Signal Dispatcher" daemon [_thread_blocked, id=11536, stack(0x0000004460100000,0x0000004460200000)]
  0x0000016065a98000 JavaThread "Attach Listener" daemon [_thread_blocked, id=3484, stack(0x0000004460200000,0x0000004460300000)]
  0x0000016065a9b000 JavaThread "C1 CompilerThread0" daemon [_thread_blocked, id=15312, stack(0x0000004460300000,0x0000004460400000)]
  0x0000016065ac3000 JavaThread "Sweeper thread" daemon [_thread_blocked, id=2412, stack(0x0000004460400000,0x0000004460500000)]
  0x000001606649a800 JavaThread "Common-Cleaner" daemon [_thread_blocked, id=6464, stack(0x0000004460500000,0x0000004460600000)]
  0x00000160667b4800 JavaThread "Monitor Ctrl-Break" daemon [_thread_in_native, id=3728, stack(0x0000004460600000,0x0000004460700000)]
  0x00000160667b5800 JavaThread "Service Thread" daemon [_thread_blocked, id=13620, stack(0x0000004460700000,0x0000004460800000)]
  0x000001606699f800 JavaThread "RMI TCP Accept-0" daemon [_thread_in_native, id=11180, stack(0x0000004460800000,0x0000004460900000)]
  0x0000016066bc4000 JavaThread "Thread-0" [_thread_blocked, id=8068, stack(0x0000004460b00000,0x0000004460c00000)]
  0x0000016066d36800 JavaThread "restartedMain" [_thread_blocked, id=12476, stack(0x0000004460c00000,0x0000004460d00000)]
  0x00000160678c6800 JavaThread "RMI TCP Connection(1)-10.11.5.164" daemon [_thread_in_native, id=11540, stack(0x0000004461400000,0x0000004461500000)]
  0x00000160676d0800 JavaThread "RMI Scheduler(0)" daemon [_thread_blocked, id=13780, stack(0x0000004461500000,0x0000004461600000)]
  0x0000016068112000 JavaThread "Catalina-utility-1" [_thread_blocked, id=11416, stack(0x0000004461600000,0x0000004461700000)]
  0x0000016068112800 JavaThread "Catalina-utility-2" [_thread_blocked, id=14580, stack(0x0000004461700000,0x0000004461800000)]
  0x0000016068110800 JavaThread "container-0" [_thread_blocked, id=8300, stack(0x0000004461800000,0x0000004461900000)]
  0x0000016068111000 JavaThread "MVStore background writer nio:C:/Users/admin/coffeeandtequila.mv.db" daemon [_thread_blocked, id=1416, stack(0x0000004461a00000,0x0000004461b00000)]
  0x0000016068517000 JavaThread "HikariPool-1 housekeeper" daemon [_thread_blocked, id=9252, stack(0x0000004461900000,0x0000004461a00000)]
  0x0000016068518000 JavaThread "HikariPool-1 connection adder" daemon [_thread_blocked, id=3096, stack(0x0000004461b00000,0x0000004461c00000)]
  0x0000016068519800 JavaThread "Live Reload Server" daemon [_thread_in_native, id=7028, stack(0x0000004461d00000,0x0000004461e00000)]

Other Threads:
=>0x0000016065a78800 VMThread "VM Thread" [stack: 0x000000445fe00000,0x000000445ff00000] [id=14872]
  0x00000160669a0000 WatcherThread [stack: 0x0000004460900000,0x0000004460a00000] [id=2500]
  0x0000016045115000 GCTaskThread "GC Thread#0" [stack: 0x000000445f900000,0x000000445fa00000] [id=10380]
  0x0000016066cf8800 GCTaskThread "GC Thread#1" [stack: 0x0000004460a00000,0x0000004460b00000] [id=14632]
  0x0000016067680800 GCTaskThread "GC Thread#2" [stack: 0x0000004460e00000,0x0000004460f00000] [id=15008]
  0x0000016066fa8800 GCTaskThread "GC Thread#3" [stack: 0x0000004460f00000,0x0000004461000000] [id=11200]
  0x0000016067681000 GCTaskThread "GC Thread#4" [stack: 0x0000004461000000,0x0000004461100000] [id=2456]
  0x0000016066fe6800 GCTaskThread "GC Thread#5" [stack: 0x0000004461100000,0x0000004461200000] [id=14424]
  0x0000016066fe7000 GCTaskThread "GC Thread#6" [stack: 0x0000004461200000,0x0000004461300000] [id=3024]
  0x0000016066fe8000 GCTaskThread "GC Thread#7" [stack: 0x0000004461300000,0x0000004461400000] [id=9548]
  0x0000016045123800 ConcurrentGCThread "G1 Main Marker" [stack: 0x000000445fa00000,0x000000445fb00000] [id=12020]
  0x0000016045125000 ConcurrentGCThread "G1 Conc#0" [stack: 0x000000445fb00000,0x000000445fc00000] [id=15108]
  0x0000016067e92000 ConcurrentGCThread "G1 Conc#1" [stack: 0x0000004460d00000,0x0000004460e00000] [id=1356]
  0x000001604519e800 ConcurrentGCThread "G1 Refine#0" [stack: 0x000000445fc00000,0x000000445fd00000] [id=8760]
  0x00000160658ea800 ConcurrentGCThread "G1 Young RemSet Sampling" [stack: 0x000000445fd00000,0x000000445fe00000] [id=6532]

Threads with active compile tasks:
C1 CompilerThread0  4921   !   1       org.springframework.beans.factory.support.AbstractAutowireCapableBeanFactory::applyPropertyValues (459 bytes)

VM state:at safepoint (normal execution)

VM Mutex/Monitor currently owned by a thread:  ([mutex/lock_event])
[0x00000160450d4530] Threads_lock - owner thread: 0x0000016065a78800
[0x00000160450d4920] Heap_lock - owner thread: 0x0000016066d36800

Heap address: 0x0000000085c00000, size: 1956 MB, Compressed Oops mode: 32-bit
Narrow klass base: 0x0000000800000000, Narrow klass shift: 3
Compressed class space size: 1073741824 Address: 0x00000008011a0000

Heap:
 garbage-first heap   total 98304K, used 28761K [0x0000000085c00000, 0x0000000100000000)
  region size 1024K, 5 young (5120K), 5 survivors (5120K)
 Metaspace       used 48562K, capacity 49895K, committed 49920K, reserved 1091584K
  class space    used 6656K, capacity 7145K, committed 7168K, reserved 1048576K
Heap Regions: E=young(eden), S=young(survivor), O=old, HS=humongous(starts), HC=humongous(continues), CS=collection set, F=free, A=archive, TAMS=top-at-mark-start (previous, next)
|   0|0x0000000085c00000, 0x0000000085d00000, 0x0000000085d00000|100%|HS|  |TAMS 0x0000000085d00000, 0x0000000085c00000| Complete 
|   1|0x0000000085d00000, 0x0000000085e00000, 0x0000000085e00000|100%| O|  |TAMS 0x0000000085e00000, 0x0000000085d00000| Untracked 
|   2|0x0000000085e00000, 0x0000000085f00000, 0x0000000085f00000|100%| O|  |TAMS 0x0000000085f00000, 0x0000000085e00000| Untracked 
|   3|0x0000000085f00000, 0x0000000086000000, 0x0000000086000000|100%| O|  |TAMS 0x0000000086000000, 0x0000000085f00000| Untracked 
|   4|0x0000000086000000, 0x0000000086100000, 0x0000000086100000|100%| O|  |TAMS 0x0000000086100000, 0x0000000086000000| Untracked 
|   5|0x0000000086100000, 0x0000000086200000, 0x0000000086200000|100%| O|  |TAMS 0x0000000086200000, 0x0000000086100000| Untracked 
|   6|0x0000000086200000, 0x000000008629bc00, 0x0000000086300000| 60%| O|  |TAMS 0x000000008629bc00, 0x0000000086200000| Untracked 
|   7|0x0000000086300000, 0x0000000086400000, 0x0000000086400000|100%| O|  |TAMS 0x0000000086400000, 0x0000000086300000| Untracked 
|   8|0x0000000086400000, 0x0000000086500000, 0x0000000086500000|100%| O|  |TAMS 0x0000000086500000, 0x0000000086400000| Untracked 
|   9|0x0000000086500000, 0x0000000086600000, 0x0000000086600000|100%| O|  |TAMS 0x0000000086600000, 0x0000000086500000| Untracked 
|  10|0x0000000086600000, 0x0000000086700000, 0x0000000086700000|100%| O|  |TAMS 0x0000000086700000, 0x0000000086600000| Untracked 
|  11|0x0000000086700000, 0x0000000086800000, 0x0000000086800000|100%| O|  |TAMS 0x0000000086800000, 0x0000000086700000| Untracked 
|  12|0x0000000086800000, 0x0000000086900000, 0x0000000086900000|100%| O|  |TAMS 0x0000000086900000, 0x0000000086800000| Untracked 
|  13|0x0000000086900000, 0x0000000086a00000, 0x0000000086a00000|100%| O|  |TAMS 0x0000000086a00000, 0x0000000086900000| Untracked 
|  14|0x0000000086a00000, 0x0000000086b00000, 0x0000000086b00000|100%| O|  |TAMS 0x0000000086b00000, 0x0000000086a00000| Untracked 
|  15|0x0000000086b00000, 0x0000000086b21a00, 0x0000000086c00000| 13%| O|  |TAMS 0x0000000086b21a00, 0x0000000086b00000| Untracked 
|  16|0x0000000086c00000, 0x0000000086d00000, 0x0000000086d00000|100%|HS|  |TAMS 0x0000000086c00000, 0x0000000086c00000| Complete 
|  17|0x0000000086d00000, 0x0000000086e00000, 0x0000000086e00000|100%|HC|  |TAMS 0x0000000086d00000, 0x0000000086d00000| Complete 
|  18|0x0000000086e00000, 0x0000000086f00000, 0x0000000086f00000|100%| O|  |TAMS 0x0000000086e00000, 0x0000000086e00000| Untracked 
|  19|0x0000000086f00000, 0x0000000087000000, 0x0000000087000000|100%| O|  |TAMS 0x0000000086f00000, 0x0000000086f00000| Untracked 
|  20|0x0000000087000000, 0x0000000087100000, 0x0000000087100000|100%| O|  |TAMS 0x0000000087000000, 0x0000000087000000| Untracked 
|  21|0x0000000087100000, 0x0000000087200000, 0x0000000087200000|100%| O|  |TAMS 0x0000000087100000, 0x0000000087100000| Untracked 
|  22|0x0000000087200000, 0x00000000872b0e00, 0x0000000087300000| 69%| O|  |TAMS 0x0000000087200000, 0x0000000087200000| Untracked 
|  23|0x0000000087300000, 0x0000000087300000, 0x0000000087400000|  0%| F|  |TAMS 0x0000000087300000, 0x0000000087300000| Untracked 
|  24|0x0000000087400000, 0x0000000087400000, 0x0000000087500000|  0%| F|  |TAMS 0x0000000087400000, 0x0000000087400000| Untracked 
|  25|0x0000000087500000, 0x0000000087500000, 0x0000000087600000|  0%| F|  |TAMS 0x0000000087500000, 0x0000000087500000| Untracked 
|  26|0x0000000087600000, 0x0000000087600000, 0x0000000087700000|  0%| F|  |TAMS 0x0000000087600000, 0x0000000087600000| Untracked 
|  27|0x0000000087700000, 0x0000000087700000, 0x0000000087800000|  0%| F|  |TAMS 0x0000000087700000, 0x0000000087700000| Untracked 
|  28|0x0000000087800000, 0x0000000087800000, 0x0000000087900000|  0%| F|  |TAMS 0x0000000087800000, 0x0000000087800000| Untracked 
|  29|0x0000000087900000, 0x0000000087900000, 0x0000000087a00000|  0%| F|  |TAMS 0x0000000087900000, 0x0000000087900000| Untracked 
|  30|0x0000000087a00000, 0x0000000087a00000, 0x0000000087b00000|  0%| F|  |TAMS 0x0000000087a00000, 0x0000000087a00000| Untracked 
|  31|0x0000000087b00000, 0x0000000087ba8100, 0x0000000087c00000| 65%| S|CS|TAMS 0x0000000087b00000, 0x0000000087b00000| Complete 
|  32|0x0000000087c00000, 0x0000000087d00000, 0x0000000087d00000|100%| S|CS|TAMS 0x0000000087c00000, 0x0000000087c00000| Complete 
|  33|0x0000000087d00000, 0x0000000087e00000, 0x0000000087e00000|100%| S|CS|TAMS 0x0000000087d00000, 0x0000000087d00000| Complete 
|  34|0x0000000087e00000, 0x0000000087f00000, 0x0000000087f00000|100%| S|CS|TAMS 0x0000000087e00000, 0x0000000087e00000| Complete 
|  35|0x0000000087f00000, 0x0000000087f00000, 0x0000000088000000|  0%| F|  |TAMS 0x0000000087f00000, 0x0000000087f00000| Untracked 
|  36|0x0000000088000000, 0x0000000088000000, 0x0000000088100000|  0%| F|  |TAMS 0x0000000088000000, 0x0000000088000000| Untracked 
|  37|0x0000000088100000, 0x0000000088100000, 0x0000000088200000|  0%| F|  |TAMS 0x0000000088100000, 0x0000000088100000| Untracked 
|  38|0x0000000088200000, 0x0000000088200000, 0x0000000088300000|  0%| F|  |TAMS 0x0000000088200000, 0x0000000088200000| Untracked 
|  39|0x0000000088300000, 0x0000000088400000, 0x0000000088400000|100%| S|CS|TAMS 0x0000000088300000, 0x0000000088300000| Complete 
|  40|0x0000000088400000, 0x0000000088400000, 0x0000000088500000|  0%| F|  |TAMS 0x0000000088400000, 0x0000000088400000| Untracked 
|  41|0x0000000088500000, 0x0000000088500000, 0x0000000088600000|  0%| F|  |TAMS 0x0000000088500000, 0x0000000088500000| Untracked 
|  42|0x0000000088600000, 0x0000000088600000, 0x0000000088700000|  0%| F|  |TAMS 0x0000000088600000, 0x0000000088600000| Untracked 
|  43|0x0000000088700000, 0x0000000088800000, 0x0000000088800000|100%| O|  |TAMS 0x0000000088800000, 0x0000000088700000| Untracked 
|  44|0x0000000088800000, 0x0000000088800000, 0x0000000088900000|  0%| F|  |TAMS 0x0000000088800000, 0x0000000088800000| Untracked 
|  45|0x0000000088900000, 0x0000000088900000, 0x0000000088a00000|  0%| F|  |TAMS 0x0000000088900000, 0x0000000088900000| Untracked 
|  46|0x0000000088a00000, 0x0000000088b00000, 0x0000000088b00000|100%| O|  |TAMS 0x0000000088b00000, 0x0000000088a00000| Untracked 
|  47|0x0000000088b00000, 0x0000000088b00000, 0x0000000088c00000|  0%| F|  |TAMS 0x0000000088b00000, 0x0000000088b00000| Untracked 
|  48|0x0000000088c00000, 0x0000000088c00000, 0x0000000088d00000|  0%| F|  |TAMS 0x0000000088c00000, 0x0000000088c00000| Untracked 
|  49|0x0000000088d00000, 0x0000000088d00000, 0x0000000088e00000|  0%| F|  |TAMS 0x0000000088d00000, 0x0000000088d00000| Untracked 
|  50|0x0000000088e00000, 0x0000000088e00000, 0x0000000088f00000|  0%| F|  |TAMS 0x0000000088e00000, 0x0000000088e00000| Untracked 
|  51|0x0000000088f00000, 0x0000000088f00000, 0x0000000089000000|  0%| F|  |TAMS 0x0000000088f00000, 0x0000000088f00000| Untracked 
|  52|0x0000000089000000, 0x0000000089000000, 0x0000000089100000|  0%| F|  |TAMS 0x0000000089000000, 0x0000000089000000| Untracked 
|  53|0x0000000089100000, 0x0000000089100000, 0x0000000089200000|  0%| F|  |TAMS 0x0000000089100000, 0x0000000089100000| Untracked 
|  54|0x0000000089200000, 0x0000000089200000, 0x0000000089300000|  0%| F|  |TAMS 0x0000000089200000, 0x0000000089200000| Untracked 
|  55|0x0000000089300000, 0x0000000089300000, 0x0000000089400000|  0%| F|  |TAMS 0x0000000089300000, 0x0000000089300000| Untracked 
|  56|0x0000000089400000, 0x0000000089400000, 0x0000000089500000|  0%| F|  |TAMS 0x0000000089400000, 0x0000000089400000| Untracked 
|  57|0x0000000089500000, 0x0000000089500000, 0x0000000089600000|  0%| F|  |TAMS 0x0000000089500000, 0x0000000089500000| Untracked 
|  58|0x0000000089600000, 0x0000000089600000, 0x0000000089700000|  0%| F|  |TAMS 0x0000000089600000, 0x0000000089600000| Untracked 
|  59|0x0000000089700000, 0x0000000089700000, 0x0000000089800000|  0%| F|  |TAMS 0x0000000089700000, 0x0000000089700000| Untracked 
|  60|0x0000000089800000, 0x0000000089800000, 0x0000000089900000|  0%| F|  |TAMS 0x0000000089800000, 0x0000000089800000| Untracked 
|  61|0x0000000089900000, 0x0000000089900000, 0x0000000089a00000|  0%| F|  |TAMS 0x0000000089900000, 0x0000000089900000| Untracked 
|  62|0x0000000089a00000, 0x0000000089a00000, 0x0000000089b00000|  0%| F|  |TAMS 0x0000000089a00000, 0x0000000089a00000| Untracked 
|  63|0x0000000089b00000, 0x0000000089b00000, 0x0000000089c00000|  0%| F|  |TAMS 0x0000000089b00000, 0x0000000089b00000| Untracked 
|  64|0x0000000089c00000, 0x0000000089c00000, 0x0000000089d00000|  0%| F|  |TAMS 0x0000000089c00000, 0x0000000089c00000| Untracked 
|  65|0x0000000089d00000, 0x0000000089d00000, 0x0000000089e00000|  0%| F|  |TAMS 0x0000000089d00000, 0x0000000089d00000| Untracked 
|  66|0x0000000089e00000, 0x0000000089e00000, 0x0000000089f00000|  0%| F|  |TAMS 0x0000000089e00000, 0x0000000089e00000| Untracked 
|  67|0x0000000089f00000, 0x0000000089f00000, 0x000000008a000000|  0%| F|  |TAMS 0x0000000089f00000, 0x0000000089f00000| Untracked 
|  68|0x000000008a000000, 0x000000008a000000, 0x000000008a100000|  0%| F|  |TAMS 0x000000008a000000, 0x000000008a000000| Untracked 
|  69|0x000000008a100000, 0x000000008a100000, 0x000000008a200000|  0%| F|  |TAMS 0x000000008a100000, 0x000000008a100000| Untracked 
|  70|0x000000008a200000, 0x000000008a200000, 0x000000008a300000|  0%| F|  |TAMS 0x000000008a200000, 0x000000008a200000| Untracked 
|  71|0x000000008a300000, 0x000000008a300000, 0x000000008a400000|  0%| F|  |TAMS 0x000000008a300000, 0x000000008a300000| Untracked 
|  72|0x000000008a400000, 0x000000008a400000, 0x000000008a500000|  0%| F|  |TAMS 0x000000008a400000, 0x000000008a400000| Untracked 
|  73|0x000000008a500000, 0x000000008a500000, 0x000000008a600000|  0%| F|  |TAMS 0x000000008a500000, 0x000000008a500000| Untracked 
|  74|0x000000008a600000, 0x000000008a600000, 0x000000008a700000|  0%| F|  |TAMS 0x000000008a600000, 0x000000008a600000| Untracked 
|  75|0x000000008a700000, 0x000000008a700000, 0x000000008a800000|  0%| F|  |TAMS 0x000000008a700000, 0x000000008a700000| Untracked 
|  76|0x000000008a800000, 0x000000008a800000, 0x000000008a900000|  0%| F|  |TAMS 0x000000008a800000, 0x000000008a800000| Untracked 
|  77|0x000000008a900000, 0x000000008a900000, 0x000000008aa00000|  0%| F|  |TAMS 0x000000008a900000, 0x000000008a900000| Untracked 
|  78|0x000000008aa00000, 0x000000008aa00000, 0x000000008ab00000|  0%| F|  |TAMS 0x000000008aa00000, 0x000000008aa00000| Untracked 
|  79|0x000000008ab00000, 0x000000008ab00000, 0x000000008ac00000|  0%| F|  |TAMS 0x000000008ab00000, 0x000000008ab00000| Untracked 
|  80|0x000000008ac00000, 0x000000008ac00000, 0x000000008ad00000|  0%| F|  |TAMS 0x000000008ac00000, 0x000000008ac00000| Untracked 
|  81|0x000000008ad00000, 0x000000008ad00000, 0x000000008ae00000|  0%| F|  |TAMS 0x000000008ad00000, 0x000000008ad00000| Untracked 
|  82|0x000000008ae00000, 0x000000008ae00000, 0x000000008af00000|  0%| F|  |TAMS 0x000000008ae00000, 0x000000008ae00000| Untracked 
| 123|0x000000008d700000, 0x000000008d700000, 0x000000008d800000|  0%| F|  |TAMS 0x000000008d700000, 0x000000008d700000| Untracked 

Card table byte_map: [0x000001605eaf0000,0x000001605eed0000] _byte_map_base: 0x000001605e6c2000

Marking Bits (Prev, Next): (CMBitMap*) 0x0000016045117038, (CMBitMap*) 0x0000016045117078
 Prev Bits: [0x000001605f2b0000, 0x0000016061140000)
 Next Bits: [0x0000016061140000, 0x0000016062fd0000)

Polling page: 0x0000016044ec0000

Metaspace:

Usage:
  Non-class:     41.75 MB capacity,    40.92 MB ( 98%) used,   698.98 KB (  2%) free+waste,   144.75 KB ( <1%) overhead. 
      Class:      6.98 MB capacity,     6.50 MB ( 93%) used,   417.47 KB (  6%) free+waste,    70.88 KB ( <1%) overhead. 
       Both:     48.73 MB capacity,    47.42 MB ( 97%) used,     1.09 MB (  2%) free+waste,   215.63 KB ( <1%) overhead. 

Virtual space:
  Non-class space:       42.00 MB reserved,      41.75 MB (>99%) committed 
      Class space:        1.00 GB reserved,       7.00 MB ( <1%) committed 
             Both:        1.04 GB reserved,      48.75 MB (  5%) committed 

Chunk freelists:
   Non-Class:  256 bytes
       Class:  2.88 KB
        Both:  3.13 KB

CodeHeap 'non-profiled nmethods': size=238336Kb used=8762Kb max_used=8762Kb free=229573Kb
 bounds [0x000001604f3e0000, 0x000001604fc70000, 0x000001605dca0000]
CodeHeap 'non-nmethods': size=7424Kb used=1243Kb max_used=1243Kb free=6180Kb
 bounds [0x000001604eca0000, 0x000001604ef10000, 0x000001604f3e0000]
 total_blobs=5533 nmethods=4906 adapters=526
 compilation: enabled
              stopped_count=0, restarted_count=0
 full_count=0

Compilation events (10 events):
Event: 3.768 Thread 0x0000016065a9b000 nmethod 4916 0x000001604fc6bf10 code [0x000001604fc6c0e0, 0x000001604fc6c280]
Event: 3.768 Thread 0x0000016065a9b000 4917   !   1       org.springframework.beans.factory.support.AbstractAutowireCapableBeanFactory::invokeInitMethods (171 bytes)
Event: 3.769 Thread 0x0000016065a9b000 nmethod 4917 0x000001604fc6c310 code [0x000001604fc6c5e0, 0x000001604fc6ce60]
Event: 3.769 Thread 0x0000016065a9b000 4918       1       org.springframework.context.support.ApplicationContextAwareProcessor::postProcessAfterInitialization (2 bytes)
Event: 3.769 Thread 0x0000016065a9b000 nmethod 4918 0x000001604fc6d310 code [0x000001604fc6d4c0, 0x000001604fc6d5f8]
Event: 3.769 Thread 0x0000016065a9b000 4919       1       org.springframework.web.context.support.ServletContextAwareProcessor::postProcessAfterInitialization (2 bytes)
Event: 3.769 Thread 0x0000016065a9b000 nmethod 4919 0x000001604fc6d690 code [0x000001604fc6d840, 0x000001604fc6d978]
Event: 3.769 Thread 0x0000016065a9b000 4920       1       org.springframework.context.support.ApplicationListenerDetector::postProcessAfterInitialization (122 bytes)
Event: 3.770 Thread 0x0000016065a9b000 nmethod 4920 0x000001604fc6da10 code [0x000001604fc6dcc0, 0x000001604fc6e5d0]
Event: 3.770 Thread 0x0000016065a9b000 4921   !   1       org.springframework.beans.factory.support.AbstractAutowireCapableBeanFactory::applyPropertyValues (459 bytes)

GC Heap History (10 events):
Event: 2.288 GC heap after
{Heap after GC invocations=9 (full 0):
 garbage-first heap   total 71680K, used 18165K [0x0000000085c00000, 0x0000000100000000)
  region size 1024K, 1 young (1024K), 1 survivors (1024K)
 Metaspace       used 27155K, capacity 28203K, committed 28416K, reserved 1073152K
  class space    used 3638K, capacity 3996K, committed 4096K, reserved 1048576K
}
Event: 2.636 GC heap before
{Heap before GC invocations=9 (full 0):
 garbage-first heap   total 71680K, used 56053K [0x0000000085c00000, 0x0000000100000000)
  region size 1024K, 38 young (38912K), 1 survivors (1024K)
 Metaspace       used 33676K, capacity 34758K, committed 34816K, reserved 1079296K
  class space    used 4451K, capacity 4836K, committed 4864K, reserved 1048576K
}
Event: 2.639 GC heap after
{Heap after GC invocations=10 (full 0):
 garbage-first heap   total 86016K, used 20309K [0x0000000085c00000, 0x0000000100000000)
  region size 1024K, 4 young (4096K), 4 survivors (4096K)
 Metaspace       used 33676K, capacity 34758K, committed 34816K, reserved 1079296K
  class space    used 4451K, capacity 4836K, committed 4864K, reserved 1048576K
}
Event: 2.687 GC heap before
{Heap before GC invocations=10 (full 0):
 garbage-first heap   total 86016K, used 24405K [0x0000000085c00000, 0x0000000100000000)
  region size 1024K, 9 young (9216K), 4 survivors (4096K)
 Metaspace       used 34590K, capacity 35708K, committed 35840K, reserved 1079296K
  class space    used 4612K, capacity 5002K, committed 5120K, reserved 1048576K
}
Event: 2.691 GC heap after
{Heap after GC invocations=11 (full 0):
 garbage-first heap   total 86016K, used 20410K [0x0000000085c00000, 0x0000000100000000)
  region size 1024K, 4 young (4096K), 4 survivors (4096K)
 Metaspace       used 34590K, capacity 35708K, committed 35840K, reserved 1079296K
  class space    used 4612K, capacity 5002K, committed 5120K, reserved 1048576K
}
Event: 3.144 GC heap before
{Heap before GC invocations=12 (full 0):
 garbage-first heap   total 81920K, used 65466K [0x0000000085c00000, 0x0000000100000000)
  region size 1024K, 46 young (47104K), 4 survivors (4096K)
 Metaspace       used 42521K, capacity 43721K, committed 43904K, reserved 1087488K
  class space    used 5800K, capacity 6243K, committed 6272K, reserved 1048576K
}
Event: 3.148 GC heap after
{Heap after GC invocations=13 (full 0):
 garbage-first heap   total 81920K, used 23967K [0x0000000085c00000, 0x0000000100000000)
  region size 1024K, 5 young (5120K), 5 survivors (5120K)
 Metaspace       used 42521K, capacity 43721K, committed 43904K, reserved 1087488K
  class space    used 5800K, capacity 6243K, committed 6272K, reserved 1048576K
}
Event: 3.486 GC heap before
{Heap before GC invocations=13 (full 0):
 garbage-first heap   total 81920K, used 63903K [0x0000000085c00000, 0x0000000100000000)
  region size 1024K, 44 young (45056K), 5 survivors (5120K)
 Metaspace       used 46275K, capacity 47549K, committed 47872K, reserved 1089536K
  class space    used 6351K, capacity 6814K, committed 6912K, reserved 1048576K
}
Event: 3.490 GC heap after
{Heap after GC invocations=14 (full 0):
 garbage-first heap   total 81920K, used 26024K [0x0000000085c00000, 0x0000000100000000)
  region size 1024K, 4 young (4096K), 4 survivors (4096K)
 Metaspace       used 46275K, capacity 47549K, committed 47872K, reserved 1089536K
  class space    used 6351K, capacity 6814K, committed 6912K, reserved 1048576K
}
Event: 3.772 GC heap before
{Heap before GC invocations=14 (full 0):
 garbage-first heap   total 81920K, used 64936K [0x0000000085c00000, 0x0000000100000000)
  region size 1024K, 42 young (43008K), 4 survivors (4096K)
 Metaspace       used 48562K, capacity 49895K, committed 49920K, reserved 1091584K
  class space    used 6656K, capacity 7145K, committed 7168K, reserved 1048576K
}

Deoptimization events (0 events):
No events

Classes redefined (0 events):
No events

Internal exceptions (10 events):
Event: 3.393 Thread 0x0000016066d36800 Exception <a 'java/lang/ClassNotFoundException'{0x0000000089045d70}: org/springframework/context/annotation/ConfigurationClassEnhancer$EnhancedConfigurationCustomizer> (0x0000000089045d70) thrown at [t:/workspace/open/src/hotspot/share/classfile/systemDic
Event: 3.393 Thread 0x0000016066d36800 Exception <a 'java/lang/ClassNotFoundException'{0x0000000089054988}: org/springframework/beans/factory/BeanFactoryAwareCustomizer> (0x0000000089054988) thrown at [t:/workspace/open/src/hotspot/share/classfile/systemDictionary.cpp, line 235]
Event: 3.393 Thread 0x0000016066d36800 Exception <a 'java/lang/ClassNotFoundException'{0x00000000890632c8}: org/springframework/beans/factory/AwareCustomizer> (0x00000000890632c8) thrown at [t:/workspace/open/src/hotspot/share/classfile/systemDictionary.cpp, line 235]
Event: 3.394 Thread 0x0000016066d36800 Exception <a 'java/lang/ClassNotFoundException'{0x0000000089071e38}: org/springframework/context/annotation/ImportAwareCustomizer> (0x0000000089071e38) thrown at [t:/workspace/open/src/hotspot/share/classfile/systemDictionary.cpp, line 235]
Event: 3.394 Thread 0x0000016066d36800 Exception <a 'java/lang/ClassNotFoundException'{0x0000000089080018}: org/springframework/beans/factory/AwareCustomizer> (0x0000000089080018) thrown at [t:/workspace/open/src/hotspot/share/classfile/systemDictionary.cpp, line 235]
Event: 3.394 Thread 0x0000016066d36800 Exception <a 'java/lang/ClassNotFoundException'{0x000000008908f1d8}: org/springframework/beans/factory/BeanClassLoaderAwareCustomizer> (0x000000008908f1d8) thrown at [t:/workspace/open/src/hotspot/share/classfile/systemDictionary.cpp, line 235]
Event: 3.394 Thread 0x0000016066d36800 Exception <a 'java/lang/ClassNotFoundException'{0x000000008909d3c8}: org/springframework/beans/factory/AwareCustomizer> (0x000000008909d3c8) thrown at [t:/workspace/open/src/hotspot/share/classfile/systemDictionary.cpp, line 235]
Event: 3.509 Thread 0x0000016066d36800 Exception <a 'java/lang/NoSuchMethodError'{0x000000008aeda3c0}: java.lang.invoke.DirectMethodHandle$Holder.invokeInterface(Ljava/lang/Object;Ljava/lang/Object;Ljava/lang/Object;Ljava/lang/Object;)Ljava/lang/Object;> (0x000000008aeda3c0) thrown at [t:/work
Event: 3.522 Thread 0x0000016066d36800 Exception <a 'java/lang/NoSuchMethodError'{0x000000008a9d6738}: java.lang.invoke.DirectMethodHandle$Holder.invokeInterface(Ljava/lang/Object;Ljava/lang/Object;Ljava/lang/Object;)Ljava/lang/Object;> (0x000000008a9d6738) thrown at [t:/workspace/open/src/hot
Event: 3.612 Thread 0x0000016066d36800 Exception <a 'java/lang/NoSuchMethodError'{0x0000000089a08118}: java.lang.invoke.DirectMethodHandle$Holder.invokeVirtual(Ljava/lang/Object;Ljava/lang/Object;I)V> (0x0000000089a08118) thrown at [t:/workspace/open/src/hotspot/share/interpreter/linkResolver.

Events (10 events):
Event: 3.756 loading class org/springframework/jdbc/core/namedparam/ParsedSql done
Event: 3.760 loading class org/springframework/boot/autoconfigure/security/servlet/MvcRequestMatcherProvider
Event: 3.760 loading class org/springframework/boot/autoconfigure/security/servlet/MvcRequestMatcherProvider done
Event: 3.761 loading class org/springframework/boot/task/TaskSchedulerCustomizer
Event: 3.761 loading class org/springframework/boot/task/TaskSchedulerCustomizer done
Event: 3.770 loading class org/springframework/transaction/support/TransactionCallback
Event: 3.770 loading class org/springframework/transaction/support/TransactionCallback done
Event: 3.771 loading class org/springframework/boot/web/client/RestTemplateCustomizer
Event: 3.771 loading class org/springframework/boot/web/client/RestTemplateCustomizer done
Event: 3.772 Executing VM operation: G1CollectForAllocation


Dynamic libraries:
0x00007ff6c8600000 - 0x00007ff6c860f000 	C:\Program Files\Java\jdk-12.0.1\bin\java.exe
0x00007ffa82d20000 - 0x00007ffa82f10000 	C:\WINDOWS\SYSTEM32\ntdll.dll
0x00007ffa81310000 - 0x00007ffa813c2000 	C:\WINDOWS\System32\KERNEL32.DLL
0x00007ffa803a0000 - 0x00007ffa80643000 	C:\WINDOWS\System32\KERNELBASE.dll
0x00007ffa7fdb0000 - 0x00007ffa7feaa000 	C:\WINDOWS\System32\ucrtbase.dll
0x00007ffa7ae50000 - 0x00007ffa7ae66000 	C:\Program Files\Java\jdk-12.0.1\bin\VCRUNTIME140.dll
0x00007ffa7ae30000 - 0x00007ffa7ae48000 	C:\Program Files\Java\jdk-12.0.1\bin\jli.dll
0x00007ffa821f0000 - 0x00007ffa82293000 	C:\WINDOWS\System32\ADVAPI32.dll
0x00007ffa815d0000 - 0x00007ffa8166e000 	C:\WINDOWS\System32\msvcrt.dll
0x00007ffa80dd0000 - 0x00007ffa80e67000 	C:\WINDOWS\System32\sechost.dll
0x00007ffa81430000 - 0x00007ffa81550000 	C:\WINDOWS\System32\RPCRT4.dll
0x00007ffa81020000 - 0x00007ffa811b3000 	C:\WINDOWS\System32\USER32.dll
0x00007ffa80370000 - 0x00007ffa80391000 	C:\WINDOWS\System32\win32u.dll
0x00007ffa700b0000 - 0x00007ffa70335000 	C:\WINDOWS\WinSxS\amd64_microsoft.windows.common-controls_6595b64144ccf1df_6.0.18362.295_none_e6c3acbd13101292\COMCTL32.dll
0x00007ffa822b0000 - 0x00007ffa822d6000 	C:\WINDOWS\System32\GDI32.dll
0x00007ffa801d0000 - 0x00007ffa80364000 	C:\WINDOWS\System32\gdi32full.dll
0x00007ffa82810000 - 0x00007ffa82b46000 	C:\WINDOWS\System32\combase.dll
0x00007ffa7ff80000 - 0x00007ffa8001e000 	C:\WINDOWS\System32\msvcp_win.dll
0x00007ffa7fee0000 - 0x00007ffa7ff60000 	C:\WINDOWS\System32\bcryptPrimitives.dll
0x00007ffa78370000 - 0x00007ffa7837a000 	C:\WINDOWS\SYSTEM32\VERSION.dll
0x00007ffa82b50000 - 0x00007ffa82b7e000 	C:\WINDOWS\System32\IMM32.DLL
0x00007ffa75110000 - 0x00007ffa751ba000 	C:\Program Files\Java\jdk-12.0.1\bin\msvcp140.dll
0x00007ffa33b40000 - 0x00007ffa346b4000 	C:\Program Files\Java\jdk-12.0.1\bin\server\jvm.dll
0x00007ffa822a0000 - 0x00007ffa822a8000 	C:\WINDOWS\System32\PSAPI.DLL
0x00007ffa731e0000 - 0x00007ffa731e9000 	C:\WINDOWS\SYSTEM32\WSOCK32.dll
0x00007ffa75fd0000 - 0x00007ffa75ff4000 	C:\WINDOWS\SYSTEM32\WINMM.dll
0x00007ffa818e0000 - 0x00007ffa8194f000 	C:\WINDOWS\System32\WS2_32.dll
0x00007ffa75d90000 - 0x00007ffa75dbd000 	C:\WINDOWS\SYSTEM32\winmmbase.dll
0x00007ffa7fd60000 - 0x00007ffa7fdaa000 	C:\WINDOWS\System32\cfgmgr32.dll
0x00007ffa7fc90000 - 0x00007ffa7fca1000 	C:\WINDOWS\System32\kernel.appcore.dll
0x00007ffa79990000 - 0x00007ffa799a1000 	C:\Program Files\Java\jdk-12.0.1\bin\verify.dll
0x00007ffa7e640000 - 0x00007ffa7e834000 	C:\WINDOWS\SYSTEM32\DBGHELP.DLL
0x00007ffa75d60000 - 0x00007ffa75d8a000 	C:\WINDOWS\SYSTEM32\dbgcore.DLL
0x00007ffa750e0000 - 0x00007ffa75106000 	C:\Program Files\Java\jdk-12.0.1\bin\java.dll
0x00007ffa73710000 - 0x00007ffa7371e000 	C:\Program Files\Java\jdk-12.0.1\bin\instrument.dll
0x00007ffa70cc0000 - 0x00007ffa70cd7000 	C:\Program Files\Java\jdk-12.0.1\bin\zip.dll
0x00007ffa79980000 - 0x00007ffa7998a000 	C:\Program Files\Java\jdk-12.0.1\bin\jimage.dll
0x00007ffa81950000 - 0x00007ffa82032000 	C:\WINDOWS\System32\SHELL32.dll
0x00007ffa81670000 - 0x00007ffa81719000 	C:\WINDOWS\System32\shcore.dll
0x00007ffa80650000 - 0x00007ffa80dcc000 	C:\WINDOWS\System32\windows.storage.dll
0x00007ffa7fc70000 - 0x00007ffa7fc8f000 	C:\WINDOWS\System32\profapi.dll
0x00007ffa7fc20000 - 0x00007ffa7fc6a000 	C:\WINDOWS\System32\powrprof.dll
0x00007ffa7fbf0000 - 0x00007ffa7fc00000 	C:\WINDOWS\System32\UMPDC.dll
0x00007ffa80fc0000 - 0x00007ffa81012000 	C:\WINDOWS\System32\shlwapi.dll
0x00007ffa7ff60000 - 0x00007ffa7ff77000 	C:\WINDOWS\System32\cryptsp.dll
0x00007ffa70ca0000 - 0x00007ffa70cb9000 	C:\Program Files\Java\jdk-12.0.1\bin\net.dll
0x00007ffa71d50000 - 0x00007ffa71f26000 	C:\WINDOWS\SYSTEM32\urlmon.dll
0x00007ffa79c30000 - 0x00007ffa79d20000 	C:\WINDOWS\SYSTEM32\WINHTTP.dll
0x00007ffa719c0000 - 0x00007ffa71c66000 	C:\WINDOWS\SYSTEM32\iertutil.dll
0x00007ffa7f5d0000 - 0x00007ffa7f5dc000 	C:\WINDOWS\SYSTEM32\CRYPTBASE.DLL
0x00007ffa7f400000 - 0x00007ffa7f467000 	C:\WINDOWS\system32\mswsock.dll
0x00007ffa70c80000 - 0x00007ffa70c93000 	C:\Program Files\Java\jdk-12.0.1\bin\nio.dll
0x00007ffa70d40000 - 0x00007ffa70d5a000 	C:\Program Files\JetBrains\IntelliJ IDEA 2018.3.5\bin\breakgen64.dll
0x00007ffa7f150000 - 0x00007ffa7f21a000 	C:\WINDOWS\SYSTEM32\DNSAPI.dll
0x00007ffa82390000 - 0x00007ffa82398000 	C:\WINDOWS\System32\NSI.dll
0x00007ffa7f110000 - 0x00007ffa7f14a000 	C:\WINDOWS\SYSTEM32\IPHLPAPI.DLL
0x00007ffa75be0000 - 0x00007ffa75bea000 	C:\Windows\System32\rasadhlp.dll
0x00007ffa78290000 - 0x00007ffa78307000 	C:\WINDOWS\System32\fwpuclnt.dll
0x00007ffa7feb0000 - 0x00007ffa7fed6000 	C:\WINDOWS\System32\bcrypt.dll
0x00007ffa75030000 - 0x00007ffa75039000 	C:\Program Files\Java\jdk-12.0.1\bin\management.dll
0x00007ffa74b40000 - 0x00007ffa74b4c000 	C:\Program Files\Java\jdk-12.0.1\bin\management_ext.dll
0x00007ffa7ef70000 - 0x00007ffa7efa3000 	C:\WINDOWS\system32\rsaenh.dll
0x00007ffa7fae0000 - 0x00007ffa7fb05000 	C:\WINDOWS\SYSTEM32\USERENV.dll
0x00007ffa78380000 - 0x00007ffa78396000 	C:\WINDOWS\SYSTEM32\dhcpcsvc6.DLL
0x00007ffa7a2c0000 - 0x00007ffa7a2dc000 	C:\WINDOWS\SYSTEM32\dhcpcsvc.DLL
0x00007ffa55630000 - 0x00007ffa55646000 	C:\WINDOWS\system32\napinsp.dll
0x00007ffa55610000 - 0x00007ffa5562a000 	C:\WINDOWS\system32\pnrpnsp.dll
0x00007ffa60190000 - 0x00007ffa6019e000 	C:\WINDOWS\System32\winrnr.dll
0x00007ffa7a7d0000 - 0x00007ffa7a7ec000 	C:\WINDOWS\system32\NLAapi.dll
0x00007ffa7a7b0000 - 0x00007ffa7a7c5000 	C:\WINDOWS\system32\wshbth.dll

dbghelp: loaded successfully - version: 4.0.5 - missing functions: none
symbol engine: initialized successfully - sym options: 0x614 - pdb path: .;C:\Program Files\Java\jdk-12.0.1\bin;C:\WINDOWS\SYSTEM32;C:\WINDOWS\WinSxS\amd64_microsoft.windows.common-controls_6595b64144ccf1df_6.0.18362.295_none_e6c3acbd13101292;C:\Program Files\Java\jdk-12.0.1\bin\server;C:\Program Files\JetBrains\IntelliJ IDEA 2018.3.5\bin

VM Arguments:
jvm_args: -XX:TieredStopAtLevel=1 -Xverify:none -Dspring.output.ansi.enabled=always -Dcom.sun.management.jmxremote -Dspring.liveBeansView.mbeanDomain -Dspring.application.admin.enabled=true -javaagent:C:\Program Files\JetBrains\IntelliJ IDEA 2018.3.5\lib\idea_rt.jar=52465:C:\Program Files\JetBrains\IntelliJ IDEA 2018.3.5\bin -Dfile.encoding=UTF-8 
java_command: com.example.coffeeandtequila.CoffeeAndTequilaApplication
java_class_path (initial): C:\Users\admin\Desktop\CoffeeandTequlia\target\classes;C:\Users\admin\.m2\repository\org\springframework\boot\spring-boot-starter-data-jpa\2.1.7.RELEASE\spring-boot-starter-data-jpa-2.1.7.RELEASE.jar;C:\Users\admin\.m2\repository\org\springframework\boot\spring-boot-starter-aop\2.1.7.RELEASE\spring-boot-starter-aop-2.1.7.RELEASE.jar;C:\Users\admin\.m2\repository\org\aspectj\aspectjweaver\1.9.4\aspectjweaver-1.9.4.jar;C:\Users\admin\.m2\repository\javax\transaction\javax.transaction-api\1.3\javax.transaction-api-1.3.jar;C:\Users\admin\.m2\repository\javax\xml\bind\jaxb-api\2.3.1\jaxb-api-2.3.1.jar;C:\Users\admin\.m2\repository\javax\activation\javax.activation-api\1.2.0\javax.activation-api-1.2.0.jar;C:\Users\admin\.m2\repository\org\hibernate\hibernate-core\5.3.10.Final\hibernate-core-5.3.10.Final.jar;C:\Users\admin\.m2\repository\org\jboss\logging\jboss-logging\3.3.2.Final\jboss-logging-3.3.2.Final.jar;C:\Users\admin\.m2\repository\javax\persistence\javax.persistence-api\2.2\javax.persistence-api-2.2.jar;C:\Users\admin\.m2\repository\org\javassist\javassist\3.23.2-GA\javassist-3.23.2-GA.jar;C:\Users\admin\.m2\repository\net\bytebuddy\byte-buddy\1.9.16\byte-buddy-1.9.16.jar;C:\Users\admin\.m2\repository\antlr\antlr\2.7.7\antlr-2.7.7.jar;C:\Users\admin\.m2\repository\org\jboss\jandex\2.0.5.Final\jandex-2.0.5.Final.jar;C:\Users\admin\.m2\repository\com\fasterxml\classmate\1.4.0\classmate-1.4.0.jar;C:\Users\admin\.m2\repository\org\dom4j\dom4j\2.1.1\dom4j-2.1.1.jar;C:\Users\admin\.m2\repository\org\hibernate\common\hibernate-commons-annotations\5.0.4.Final\hibernate-commons-annotations-5.0.4.Final.jar;C:\Users\admin\.m2\repository\org\springframework\data\spring-data-jpa\2.1.10.RELEASE\spring-data-jpa-2.1.10.RELEASE.jar;C:\Users\admin\.m2\repository\org\springframework\data\spring-data-commons\2.1.10.RELEASE\spring-data-commons-2.1.10.RELEASE.jar;C:\Users\admin\.m2\repository\org\springframework\spring-orm\5.1.9.RELEASE\spring-orm-5.1.9.REL
Launcher Type: SUN_STANDARD

[Global flags]
     bool BytecodeVerificationLocal                = false                                     {product} {command line}
     bool BytecodeVerificationRemote               = false                                     {product} {command line}
     intx CICompilerCount                          = 4                                         {product} {ergonomic}
     uint ConcGCThreads                            = 2                                         {product} {ergonomic}
     uint G1ConcRefinementThreads                  = 8                                         {product} {ergonomic}
   size_t G1HeapRegionSize                         = 1048576                                   {product} {ergonomic}
    uintx GCDrainStackTargetSize                   = 64                                        {product} {ergonomic}
   size_t InitialHeapSize                          = 130023424                                 {product} {ergonomic}
     bool ManagementServer                         = true                                      {product} {command line}
   size_t MarkStackSize                            = 4194304                                   {product} {ergonomic}
   size_t MaxHeapSize                              = 2051014656                                {product} {ergonomic}
   size_t MaxNewSize                               = 1229979648                                {product} {ergonomic}
   size_t MinHeapDeltaBytes                        = 1048576                                   {product} {ergonomic}
    uintx NonNMethodCodeHeapSize                   = 7549744                                {pd product} {ergonomic}
    uintx NonProfiledCodeHeapSize                  = 244108496                              {pd product} {ergonomic}
    uintx ProfiledCodeHeapSize                     = 0                                      {pd product} {ergonomic}
    uintx ReservedCodeCacheSize                    = 251658240                              {pd product} {ergonomic}
     bool SegmentedCodeCache                       = true                                      {product} {ergonomic}
     intx TieredStopAtLevel                        = 1                                         {product} {command line}
     bool UseCompressedClassPointers               = true                                 {lp64_product} {ergonomic}
     bool UseCompressedOops                        = true                                 {lp64_product} {ergonomic}
     bool UseG1GC                                  = true                                      {product} {ergonomic}
     bool UseLargePagesIndividualAllocation        = false                                  {pd product} {ergonomic}

Logging:
Log output configuration:
 #0: stdout all=warning uptime,level,tags
 #1: stderr all=off uptime,level,tags

Environment Variables:
PATH=C:\Program Files (x86)\Common Files\Oracle\Java\javapath;C:\ProgramData\Oracle\Java\javapath;C:\WINDOWS\system32;C:\WINDOWS;C:\WINDOWS\System32\Wbem;C:\WINDOWS\System32\WindowsPowerShell\v1.0\;C:\Program Files (x86)\Intel\OpenCL SDK\2.0\bin\x86;C:\Program Files (x86)\Intel\OpenCL SDK\2.0\bin\x64;C:\Program Files (x86)\Intel\Services\IPT\;C:\Program Files\Intel\WiFi\bin\;C:\Program Files\Common Files\Intel\WirelessCommon\;C:\Program Files (x86)\Skype\Phone\;C:\WINDOWS\System32\OpenSSH\;C:\Program Files\nodejs\;C:\Program Files\Git\cmd;C:\Program Files\dotnet\;C:\Program Files\Microsoft SQL Server\130\Tools\Binn\;C:\Program Files\Microsoft SQL Server\Client SDK\ODBC\170\Tools\Binn\;C:\Program Files\MySQL\MySQL Shell 8.0\bin\;C:\Users\admin\AppData\Local\GitHubDesktop\bin;C:\Users\admin\AppData\Local\Programs\Microsoft VS Code\bin;C:\ProgramData\admin\GitHubDesktop\bin;C:\Users\admin\.dotnet\tools;C:\Users\admin\AppData\Local\Microsoft\WindowsApps;;C:\Users\admin\AppData\Roaming\npm;
USERNAME=admin
OS=Windows_NT
PROCESSOR_IDENTIFIER=Intel64 Family 6 Model 60 Stepping 3, GenuineIntel



---------------  S Y S T E M  ---------------

OS: Windows 10 , 64 bit Build 18362 (10.0.18362.86)

CPU:total 8 (initial active 8) (4 cores per cpu, 2 threads per core) family 6 model 60 stepping 3, cmov, cx8, fxsr, mmx, sse, sse2, sse3, ssse3, sse4.1, sse4.2, popcnt, avx, avx2, aes, clmul, erms, lzcnt, ht, tsc, tscinvbit, bmi1, bmi2, fma

Memory: 4k page, system-wide physical 7817M (611M free)
TotalPageFile size 9865M (AvailPageFile size 15M)
current process WorkingSet (physical memory assigned to process): 202M, peak: 202M
current process commit charge ("private bytes"): 243M, peak: 255M

vm_info: Java HotSpot(TM) 64-Bit Server VM (12.0.1+12) for windows-amd64 JRE (12.0.1+12), built on Apr  2 2019 14:02:19 by "mach5one" with MS VC++ 15.5 (VS2017)

END.
